<?xml version="1.0" encoding="UTF-8"?>
<!-- Generated by org.testng.reporters.JUnitReportReporter -->
<testsuite hostname="L-DEE-3TLVPL3" failures="0" tests="1" name="telecom.mobilfunk.SmartphoneTest" time="72.819" errors="0" timestamp="2024-02-22T11:24:48 MEZ" skipped="0">
  <testcase classname="telecom.mobilfunk.SmartphoneTest" name="test_smartphone_order_e2e" time="72.819"/>
  <system-out/>
</testsuite> <!-- telecom.mobilfunk.SmartphoneTest -->
